<?xml version="1.0" encoding="UTF-8"?>
<testsuite failures="3" errors="0" skipped="1" tests="4" time="34.165535" name="Smartstore">
<testcase classname="Smartstore" name="Login Pass (uid:5fb71e05-20f0-447c-a5e7-88e685c2b7f1)" time="9.878691">
  <failure message="failed Login Pass (uid:5fb71e05-20f0-447c-a5e7-88e685c2b7f1)" type="failed">
    <![CDATA[Scenario: Login Pass (uid:5fb71e05-20f0-447c-a5e7-88e685c2b7f1)

After hook at features/support/closing_hook.rb:2

Message:
]]>
    <![CDATA[undefined method `skipped?' for #<Cucumber::Core::Test::Case: features/smartstore.feature:6> (NoMethodError)
./features/support/closing_hook.rb:12:in `After']]>
  </failure>
  <system-out>
    <![CDATA[]]>
  </system-out>
  <system-err>
    <![CDATA[]]>
  </system-err>
</testcase>
<testcase classname="Smartstore" name="Login Fail (uid:499aed20-e212-4fc2-9b8e-79a16e8a88a5)" time="7.954583">
  <failure message="failed Login Fail (uid:499aed20-e212-4fc2-9b8e-79a16e8a88a5)" type="failed">
    <![CDATA[Scenario: Login Fail (uid:499aed20-e212-4fc2-9b8e-79a16e8a88a5)

After hook at features/support/closing_hook.rb:2

Message:
]]>
    <![CDATA[undefined method `skipped?' for #<Cucumber::Core::Test::Case: features/smartstore.feature:13> (NoMethodError)
./features/support/closing_hook.rb:12:in `After']]>
  </failure>
  <system-out>
    <![CDATA[]]>
  </system-out>
  <system-err>
    <![CDATA[]]>
  </system-err>
</testcase>
<testcase classname="Smartstore" name="Checkout (uid:8b5a4c86-f26c-4ecd-84a0-86524efab2cd)" time="9.640428">
  <failure message="failed Checkout (uid:8b5a4c86-f26c-4ecd-84a0-86524efab2cd)" type="failed">
    <![CDATA[Scenario: Checkout (uid:8b5a4c86-f26c-4ecd-84a0-86524efab2cd)

After hook at features/support/closing_hook.rb:2

Message:
]]>
    <![CDATA[undefined method `skipped?' for #<Cucumber::Core::Test::Case: features/smartstore.feature:20> (NoMethodError)
./features/support/closing_hook.rb:12:in `After']]>
  </failure>
  <system-out>
    <![CDATA[]]>
  </system-out>
  <system-err>
    <![CDATA[]]>
  </system-err>
</testcase>
<testcase classname="Smartstore" name="ContactUS (uid:2a71a9db-2887-4df9-95dd-ace88760a8a6)" time="6.691833">
  <skipped/>
  <system-out>
    <![CDATA[]]>
  </system-out>
  <system-err>
    <![CDATA[]]>
  </system-err>
</testcase>
</testsuite>
